This is pdfTeX, Version 3.1415926-2.4-1.40.13 (TeX Live 2012/Debian) (format=pdflatex 2013.4.8)  15 APR 2013 16:40
entering extended mode
 restricted \write18 enabled.
 %&-line parsing enabled.
**ma
(/usr/share/texlive/texmf-dist/tex/latex/tools/q.tex
LaTeX2e <2011/06/27>
Babel <v3.8m> and hyphenation patterns for english, dumylang, nohyphenation, ng
erman, german, swissgerman, ngerman-x-2012-05-30, german-x-2012-05-30, loaded.
File ignored
)
! Emergency stop.
<*> ma
      
*** (job aborted, no legal \end found)

 
Here is how much of TeX's memory you used:
 8 strings out of 495007
 252 string characters out of 3179691
 45203 words of memory out of 3000000
 3304 multiletter control sequences out of 15000+200000
 3640 words of font info for 14 fonts, out of 3000000 for 9000
 14 hyphenation exceptions out of 8191
 5i,0n,1p,82b,8s stack positions out of 5000i,500n,10000p,200000b,50000s
!  ==> Fatal error occurred, no output PDF file produced!
